get 100 particals
run 1000 iterations
mass: 8e+18 px: 131538 py: 755605 pz: 458650 vx: 0.532767 vy: 0.218959 vz: 0.047045
mass: 6.78865e+23 px: 679296 py: 934693 pz: 383502 vx: 0.519416 vy: 0.830965 vz: 0.034572
mass: 5.3462e+22 px: 529700 py: 671149 pz: 7698 vx: 0.383416 vy: 0.066842 vz: 0.417486
mass: 6.86773e+23 px: 588977 py: 930436 pz: 846167 vx: 0.526929 vy: 0.091965 vz: 0.653919
mass: 4.15999e+23 px: 701191 py: 910321 pz: 762198 vx: 0.262453 vy: 0.047465 vz: 0.736082
mass: 3.28234e+23 px: 632639 py: 756410 pz: 991037 vx: 0.365339 vy: 0.247039 vz: 0.98255
mass: 7.2266e+23 px: 753356 py: 651519 pz: 72686 vx: 0.631635 vy: 0.884707 vz: 0.27271
mass: 4.36411e+23 px: 766495 py: 477732 pz: 237774 vx: 0.274907 vy: 0.359265 vz: 0.166507
mass: 4.86517e+23 px: 897656 py: 909208 pz: 60564 vx: 0.904653 vy: 0.504523 vz: 0.516292
mass: 3.19033e+23 px: 986642 py: 493977 pz: 266145 vx: 0.090733 vy: 0.947764 vz: 0.073749
mass: 5.00707e+23 px: 384142 py: 277082 pz: 913817 vx: 0.529747 vy: 0.464446 vz: 0.94098
mass: 5.0084e+22 px: 761514 py: 770205 pz: 827817 vx: 0.125365 vy: 0.015868 vz: 0.688455
mass: 8.68247e+23 px: 629543 py: 736225 pz: 725412 vx: 0.999458 vy: 0.888572 vz: 0.233195
mass: 3.06322e+23 px: 351015 py: 513274 pz: 591114 vx: 0.845982 vy: 0.412081 vz: 0.841511
mass: 2.69317e+23 px: 415395 py: 537304 pz: 467917 vx: 0.287212 vy: 0.178328 vz: 0.15372
mass: 5.71655e+23 px: 802406 py: 33054 pz: 534450 vx: 0.49848 vy: 0.955361 vz: 0.748293
mass: 5.54584e+23 px: 890737 py: 624849 pz: 842040 vx: 0.159768 vy: 0.212752 vz: 0.71471
mass: 1.30427e+23 px: 90990 py: 274588 pz: 3000 vx: 0.414293 vy: 0.026876 vz: 0.70982
mass: 9.37897e+23 px: 239911 py: 180896 pz: 317540 vx: 0.886991 vy: 0.652059 vz: 0.150335
mass: 6.81346e+23 px: 385815 py: 387725 pz: 499741 vx: 0.147533 vy: 0.587187 vz: 0.845576
mass: 5.90109e+23 px: 955409 py: 556146 pz: 148152 vx: 0.983305 vy: 0.408767 vz: 0.14182
mass: 5.64899e+23 px: 252126 py: 488515 pz: 464031 vx: 0.961095 vy: 0.126031 vz: 0.199757
mass: 3.1925e+23 px: 629269 py: 126712 pz: 651254 vx: 0.621634 vy: 0.803073 vz: 0.247842
mass: 4.76432e+23 px: 389314 py: 203250 pz: 28375 vx: 0.901673 vy: 0.426497 vz: 0.142021
mass: 9.47487e+23 px: 410313 py: 131189 pz: 885648 vx: 0.092174 vy: 0.162199 vz: 0.071064
mass: 3.65339e+23 px: 253057 py: 135109 pz: 783153 vx: 0.455307 vy: 0.349524 vz: 0.4523
mass: 8.08945e+23 px: 931674 py: 651646 pz: 215248 vx: 0.679592 vy: 0.908922 vz: 0.250126
mass: 8.6086e+23 px: 471262 py: 505956 pz: 600394 vx: 0.817561 vy: 0.755844 vz: 0.462245
mass: 9.51367e+23 px: 632739 py: 439330 pz: 824697 vx: 0.688981 vy: 0.702207 vz: 0.987145
mass: 9.54415e+23 px: 851270 py: 289316 pz: 537426 vx: 0.514435 vy: 0.103434 vz: 0.414028
mass: 5.76717e+23 px: 876566 py: 440039 pz: 729748 vx: 0.869264 vy: 0.715642 vz: 0.80072
mass: 7.06535e+23 px: 741716 py: 19092 pz: 886031 vx: 0.524987 vy: 0.463323 vz: 0.065194
mass: 7.13422e+23 px: 488943 py: 667679 pz: 682049 vx: 0.199555 vy: 0.916634 vz: 0.865883
mass: 8.90019e+23 px: 543948 py: 139195 pz: 450347 vx: 0.989362 vy: 0.215532 vz: 0.446023
mass: 3.15732e+23 px: 514659 py: 881504 pz: 439726 vx: 0.467532 vy: 0.80665 vz: 0.365158
mass: 2.11519e+23 px: 999117 py: 153604 pz: 630488 vx: 0.61635 vy: 0.000595 vz: 0.000879
mass: 7.73352e+23 px: 727335 py: 319178 pz: 417724 vx: 0.682494 vy: 0.680562 vz: 0.205262
mass: 8.3642e+23 px: 708921 py: 828708 pz: 94549 vx: 0.081738 vy: 0.764005 vz: 0.629572
mass: 2.13852e+23 px: 213547 py: 81061 pz: 388823 vx: 0.95216 vy: 0.947545 vz: 0.389854
mass: 2.69215e+23 px: 692169 py: 284035 pz: 776866 vx: 0.783865 vy: 0.42246 vz: 0.282156
mass: 1.93967e+23 px: 11316 py: 191824 pz: 983236 vx: 0.244054 vy: 0.819726 vz: 0.136455
mass: 3.98144e+23 px: 601010 py: 176880 pz: 828355 vx: 0.157731 vy: 0.987937 vz: 0.257169
mass: 2.33599e+23 px: 101637 py: 219411 pz: 634717 vx: 0.696007 vy: 0.79477 vz: 0.696243
mass: 7.5294e+23 px: 669521 py: 633430 pz: 56441 vx: 0.598217 vy: 0.227008 vz: 0.318778
mass: 6.99834e+23 px: 117437 py: 762571 pz: 526123 vx: 0.553911 vy: 0.587989 vz: 0.329666
mass: 7.02989e+23 px: 143045 py: 161688 pz: 485325 vx: 0.860226 vy: 0.813266 vz: 0.556836
mass: 7.38997e+23 px: 316007 py: 135332 pz: 528548 vx: 0.310739 vy: 0.588119 vz: 0.518084
mass: 4.30848e+23 px: 258843 py: 370226 pz: 393018 vx: 0.446866 vy: 0.475896 vz: 0.387831
mass: 2.79293e+23 px: 78263 py: 369742 pz: 253922 vx: 0.671784 vy: 0.676237 vz: 0.513936
mass: 7.28608e+23 px: 720768 py: 944753 pz: 460697 vx: 0.940163 vy: 0.32156 vz: 0.460434
mass: 5.17145e+23 px: 661355 py: 401833 pz: 605640 vx: 0.986503 vy: 0.150394 vz: 0.670098
mass: 3.43818e+23 px: 541710 py: 522808 pz: 829239 vx: 0.014951 vy: 0.27421 vz: 0.642979
mass: 5.46137e+23 px: 917848 py: 266613 pz: 970087 vx: 0.246733 vy: 0.843975 vz: 0.694024
mass: 4.55752e+23 px: 817101 py: 22084 pz: 160749 vx: 0.70695 vy: 0.707826 vz: 0.436638
mass: 5.82421e+23 px: 751710 py: 991533 pz: 695679 vx: 0.279512 vy: 0.753863 vz: 0.171179
mass: 4.254e+21 px: 495691 py: 79917 pz: 163081 vx: 0.903301 vy: 0.782992 vz: 0.746679
mass: 4.36426e+23 px: 6342 py: 584787 pz: 518478 vx: 0.06685 vy: 0.544023 vz: 0.389731
mass: 2.15826e+23 px: 385769 py: 626861 pz: 659053 vx: 0.70932 vy: 0.538661 vz: 0.280289
mass: 8.15932e+23 px: 371910 py: 686102 pz: 310169 vx: 0.009348 vy: 0.103797 vz: 0.52096
mass: 7.7588e+23 px: 220685 py: 55279 pz: 70635 vx: 0.160274 vy: 0.723764 vz: 0.297022
mass: 5.0603e+22 px: 477804 py: 457162 pz: 519988 vx: 0.44649 vy: 0.150312 vz: 0.285942
mass: 8.33682e+23 px: 695637 py: 577776 pz: 681164 vx: 0.331175 vy: 0.057475 vz: 0.986883
mass: 5.42393e+23 px: 1657 py: 856193 pz: 29355 vx: 0.37755 vy: 0.489652 vz: 0.576173
mass: 7.38959e+23 px: 679332 py: 536267 pz: 35588 vx: 0.122507 vy: 0.973356 vz: 0.188276
mass: 3.51319e+23 px: 614126 py: 607611 pz: 125933 vx: 0.552862 vy: 0.954028 vz: 0.356925
mass: 8.38102e+23 px: 974252 py: 259014 pz: 251528 vx: 0.424336 vy: 0.813048 vz: 0.897914
mass: 2.44586e+23 px: 760617 py: 694856 pz: 451851 vx: 0.26362 vy: 0.665503 vz: 0.116571
mass: 2.09562e+23 px: 113676 py: 546975 pz: 6079 vx: 0.175974 vy: 0.599359 vz: 0.431908
mass: 8.2507e+22 px: 687414 py: 375310 pz: 836207 vx: 0.123637 vy: 0.973346 vz: 0.029635
mass: 8.0353e+22 px: 494245 py: 769437 pz: 934030 vx: 0.250155 vy: 0.359658 vz: 0.769114
mass: 4.99955e+23 px: 749252 py: 671903 pz: 681666 vx: 0.75677 vy: 0.036368 vz: 0.230572
mass: 2.21667e+23 px: 562602 py: 652622 pz: 616610 vx: 0.371466 vy: 0.224801 vz: 0.233691
mass: 6.53012e+23 px: 165928 py: 744104 pz: 159758 vx: 0.047639 vy: 0.661994 vz: 0.124945
mass: 9.49157e+23 px: 484180 py: 621046 pz: 914025 vx: 0.017945 vy: 0.593546 vz: 0.721872
mass: 4.96582e+23 px: 53694 py: 441633 pz: 519175 vx: 0.771944 vy: 0.065356 vz: 0.44279
mass: 9.7718e+23 px: 467741 py: 329056 pz: 445930 vx: 0.743274 vy: 0.205341 vz: 0.171379
mass: 3.7252e+23 px: 939725 py: 964851 pz: 254957 vx: 0.070335 vy: 0.123849 vz: 0.526338
mass: 1.60083e+23 px: 517707 py: 105185 pz: 841576 vx: 0.368562 vy: 0.42389 vz: 0.327228
mass: 7.13547e+23 px: 576776 py: 871884 pz: 758246 vx: 0.836598 vy: 0.699791 vz: 0.38906
mass: 9.35242e+23 px: 605603 py: 362084 pz: 539505 vx: 0.455072 vy: 0.401692 vz: 0.24044
mass: 8.3086e+22 px: 421579 py: 472380 pz: 289766 vx: 0.104969 vy: 0.216386 vz: 0.802019
mass: 5.27439e+23 px: 668820 py: 863643 pz: 243750 vx: 0.711564 vy: 0.263663 vz: 0.382822
mass: 8.1006e+22 px: 459763 py: 232867 pz: 795353 vx: 0.491343 vy: 0.003229 vz: 0.266119
mass: 6.64689e+23 px: 425191 py: 186825 pz: 963476 vx: 0.134039 vy: 0.795856 vz: 0.946045
mass: 1.71155e+23 px: 606001 py: 63804 pz: 347492 vx: 0.292468 vy: 0.509658 vz: 0.825837
mass: 8.34338e+23 px: 726443 py: 329434 pz: 802084 vx: 0.631763 vy: 0.045341 vz: 0.04142
mass: 1.53315e+23 px: 767065 py: 61731 pz: 519303 vx: 0.92915 vy: 0.220516 vz: 0.204563
mass: 8.8993e+22 px: 699691 py: 706461 pz: 494631 vx: 0.261779 vy: 0.711571 vz: 0.378366
mass: 2.00645e+23 px: 232608 py: 436096 pz: 469498 vx: 0.861187 vy: 0.977238 vz: 0.444519
mass: 3.4243e+22 px: 523772 py: 31639 pz: 753174 vx: 0.591588 vy: 0.822891 vz: 0.329579
mass: 2.32078e+23 px: 536528 py: 430618 pz: 403581 vx: 0.987325 vy: 0.96691 vz: 0.850531
mass: 8.67514e+23 px: 311605 py: 148390 pz: 997599 vx: 0.639523 vy: 0.468075 vz: 0.931915
mass: 6.90773e+23 px: 815407 py: 541535 pz: 572807 vx: 0.159216 vy: 0.94525 vz: 0.821334
mass: 1.55414e+23 px: 41075 py: 343613 pz: 110019 vx: 0.096538 vy: 0.518773 vz: 0.022405
mass: 5.61484e+23 px: 856876 py: 516908 pz: 674525 vx: 0.737175 vy: 0.69846 vz: 0.0228
mass: 1.91984e+23 px: 670991 py: 345872 pz: 66290 vx: 0.14071 vy: 0.921117 vz: 0.221656
mass: 3.80115e+23 px: 586016 py: 167313 pz: 26340 vx: 0.691126 vy: 0.762344 vz: 0.713695
mass: 7.7324e+22 px: 589809 py: 925503 pz: 929698 vx: 0.430446 vy: 0.50597 vz: 0.831256
mass: 9.19236e+23 px: 601638 py: 723836 pz: 519337 vx: 0.490817 vy: 0.161419 vz: 0.976116
mass: 5.7436e+23 px: 273251 py: 531427 pz: 698558 vx: 0.667049 vy: 0.097433 vz: 0.548736
time = 0.259935 s
