Oct 24 22:35:34 spartan-snowy024 kernel: Task in /slurm/uid_12990/job_21158613/step_0 killed as a result of limit of /slurm/uid_12990/job_21158613/step_0
Oct 24 22:35:34 spartan-snowy024 kernel: memory: usage 33554432kB, limit 33554432kB, failcnt 2300
Oct 24 22:35:34 spartan-snowy024 kernel: memory+swap: usage 33554432kB, limit 33554432kB, failcnt 0
Oct 24 22:35:34 spartan-snowy024 kernel: kmem: usage 0kB, limit 9007199254740988kB, failcnt 0
Oct 24 22:35:34 spartan-snowy024 kernel: Memory cgroup stats for /slurm/uid_12990/job_21158613/step_0: cache:9796KB rss:33544636KB rss_huge:81920KB mapped_file:9256KB swap:0KB inactive_anon:2581276KB active_anon:30973148KB inactive_file:0KB active_file:8KB unevictable:0KB
Oct 24 22:35:36 spartan-snowy023 kernel: Task in /slurm/uid_12990/job_21158613/step_0 killed as a result of limit of /slurm/uid_12990/job_21158613/step_0
Oct 24 22:35:36 spartan-snowy023 kernel: memory: usage 33554432kB, limit 33554432kB, failcnt 3709
Oct 24 22:35:36 spartan-snowy023 kernel: memory+swap: usage 33554432kB, limit 33554432kB, failcnt 0
Oct 24 22:35:36 spartan-snowy023 kernel: kmem: usage 0kB, limit 9007199254740988kB, failcnt 0
Oct 24 22:35:36 spartan-snowy023 kernel: Memory cgroup stats for /slurm/uid_12990/job_21158613/step_0: cache:9792KB rss:33544640KB rss_huge:0KB mapped_file:9252KB swap:0KB inactive_anon:1864252KB active_anon:31690176KB inactive_file:0KB active_file:0KB unevictable:0KB
Oct 24 22:35:35 spartan-snowy006 kernel: Task in /slurm/uid_12990/job_21158613/step_0 killed as a result of limit of /slurm/uid_12990/job_21158613/step_0
Oct 24 22:35:35 spartan-snowy006 kernel: memory: usage 33554432kB, limit 33554432kB, failcnt 3029
Oct 24 22:35:35 spartan-snowy006 kernel: memory+swap: usage 33554432kB, limit 33554432kB, failcnt 0
Oct 24 22:35:35 spartan-snowy006 kernel: kmem: usage 0kB, limit 9007199254740988kB, failcnt 0
Oct 24 22:35:35 spartan-snowy006 kernel: Memory cgroup stats for /slurm/uid_12990/job_21158613/step_0: cache:9792KB rss:33544640KB rss_huge:0KB mapped_file:9252KB swap:0KB inactive_anon:2581308KB active_anon:30973120KB inactive_file:0KB active_file:4KB unevictable:0KB
Oct 24 22:35:37 spartan-snowy003 kernel: Task in /slurm/uid_12990/job_21158613/step_0 killed as a result of limit of /slurm/uid_12990/job_21158613/step_0
Oct 24 22:35:37 spartan-snowy003 kernel: memory: usage 33554432kB, limit 33554432kB, failcnt 2313
Oct 24 22:35:37 spartan-snowy003 kernel: memory+swap: usage 33554432kB, limit 33554432kB, failcnt 0
Oct 24 22:35:37 spartan-snowy003 kernel: kmem: usage 0kB, limit 9007199254740988kB, failcnt 0
Oct 24 22:35:37 spartan-snowy003 kernel: Memory cgroup stats for /slurm/uid_12990/job_21158613/step_0: cache:9796KB rss:33544636KB rss_huge:0KB mapped_file:9256KB swap:0KB inactive_anon:2569532KB active_anon:30984892KB inactive_file:0KB active_file:8KB unevictable:0KB
Oct 24 22:35:33 spartan-snowy005 kernel: Task in /slurm/uid_12990/job_21158613/step_0 killed as a result of limit of /slurm/uid_12990/job_21158613/step_0
Oct 24 22:35:33 spartan-snowy005 kernel: memory: usage 33554432kB, limit 33554432kB, failcnt 2315
Oct 24 22:35:33 spartan-snowy005 kernel: memory+swap: usage 33554432kB, limit 33554432kB, failcnt 0
Oct 24 22:35:33 spartan-snowy005 kernel: kmem: usage 0kB, limit 9007199254740988kB, failcnt 0
Oct 24 22:35:33 spartan-snowy005 kernel: Memory cgroup stats for /slurm/uid_12990/job_21158613/step_0: cache:9796KB rss:33544636KB rss_huge:79872KB mapped_file:9256KB swap:0KB inactive_anon:2182560KB active_anon:31371864KB inactive_file:0KB active_file:8KB unevictable:0KB
Oct 24 22:35:33 spartan-snowy012 kernel: Task in /slurm/uid_12990/job_21158613/step_0 killed as a result of limit of /slurm/uid_12990/job_21158613/step_0
Oct 24 22:35:33 spartan-snowy012 kernel: memory: usage 33554432kB, limit 33554432kB, failcnt 2328
Oct 24 22:35:33 spartan-snowy012 kernel: memory+swap: usage 33554432kB, limit 33554432kB, failcnt 0
Oct 24 22:35:33 spartan-snowy012 kernel: kmem: usage 0kB, limit 9007199254740988kB, failcnt 0
Oct 24 22:35:33 spartan-snowy012 kernel: Memory cgroup stats for /slurm/uid_12990/job_21158613/step_0: cache:9796KB rss:33544636KB rss_huge:81920KB mapped_file:9256KB swap:0KB inactive_anon:1864220KB active_anon:31690204KB inactive_file:0KB active_file:8KB unevictable:0KB
