Oct 24 23:15:09 spartan-snowy001 kernel: Task in /slurm/uid_12990/job_21159076/step_batch killed as a result of limit of /slurm/uid_12990/job_21159076/step_batch
Oct 24 23:15:09 spartan-snowy001 kernel: memory: usage 33554432kB, limit 33554432kB, failcnt 3700
Oct 24 23:15:09 spartan-snowy001 kernel: memory+swap: usage 33554432kB, limit 33554432kB, failcnt 0
Oct 24 23:15:09 spartan-snowy001 kernel: kmem: usage 0kB, limit 9007199254740988kB, failcnt 0
Oct 24 23:15:09 spartan-snowy001 kernel: Memory cgroup stats for /slurm/uid_12990/job_21159076/step_batch: cache:9796KB rss:33544636KB rss_huge:81920KB mapped_file:9252KB swap:0KB inactive_anon:1864224KB active_anon:31690204KB inactive_file:0KB active_file:0KB unevictable:0KB
Oct 24 23:15:09 spartan-snowy024 kernel: Task in /slurm/uid_12990/job_21159076/step_1 killed as a result of limit of /slurm/uid_12990/job_21159076/step_1
Oct 24 23:15:09 spartan-snowy024 kernel: memory: usage 33554432kB, limit 33554432kB, failcnt 106
Oct 24 23:15:09 spartan-snowy024 kernel: memory+swap: usage 33554432kB, limit 33554432kB, failcnt 0
Oct 24 23:15:09 spartan-snowy024 kernel: kmem: usage 0kB, limit 9007199254740988kB, failcnt 0
Oct 24 23:15:09 spartan-snowy024 kernel: Memory cgroup stats for /slurm/uid_12990/job_21159076/step_1: cache:9816KB rss:33544616KB rss_huge:81920KB mapped_file:9248KB swap:0KB inactive_anon:145436KB active_anon:33408968KB inactive_file:28KB active_file:0KB unevictable:0KB
Oct 24 23:15:11 spartan-snowy023 kernel: Task in /slurm/uid_12990/job_21159076/step_1 killed as a result of limit of /slurm/uid_12990/job_21159076/step_1
Oct 24 23:15:11 spartan-snowy023 kernel: memory: usage 33554432kB, limit 33554432kB, failcnt 3620
Oct 24 23:15:11 spartan-snowy023 kernel: memory+swap: usage 33554432kB, limit 33554432kB, failcnt 0
Oct 24 23:15:11 spartan-snowy023 kernel: kmem: usage 0kB, limit 9007199254740988kB, failcnt 0
Oct 24 23:15:11 spartan-snowy023 kernel: Memory cgroup stats for /slurm/uid_12990/job_21159076/step_1: cache:9792KB rss:33544640KB rss_huge:57344KB mapped_file:9252KB swap:0KB inactive_anon:1864140KB active_anon:31690288KB inactive_file:0KB active_file:4KB unevictable:0KB
Oct 24 23:15:08 spartan-snowy017 kernel: Task in /slurm/uid_12990/job_21159076/step_1 killed as a result of limit of /slurm/uid_12990/job_21159076/step_1
Oct 24 23:15:08 spartan-snowy017 kernel: memory: usage 33554432kB, limit 33554432kB, failcnt 3581
Oct 24 23:15:08 spartan-snowy017 kernel: memory+swap: usage 33554432kB, limit 33554432kB, failcnt 0
Oct 24 23:15:08 spartan-snowy017 kernel: kmem: usage 0kB, limit 9007199254740988kB, failcnt 0
Oct 24 23:15:08 spartan-snowy017 kernel: Memory cgroup stats for /slurm/uid_12990/job_21159076/step_1: cache:9792KB rss:33544640KB rss_huge:81920KB mapped_file:9252KB swap:0KB inactive_anon:1864220KB active_anon:31690208KB inactive_file:0KB active_file:4KB unevictable:0KB
23:15:10 spartan-snowy005 kernel: Task in /slurm/uid_12990/job_21159076/step_1 killed as a result of limit of /slurm/uid_12990/job_21159076/step_1
Oct 24 23:15:11 spartan-snowy005 kernel: memory: usage 33554432kB, limit 33554432kB, failcnt 3442
Oct 24 23:15:11 spartan-snowy005 kernel: memory+swap: usage 33554432kB, limit 33554432kB, failcnt 0
Oct 24 23:15:11 spartan-snowy005 kernel: kmem: usage 0kB, limit 9007199254740988kB, failcnt 0
Oct 24 23:15:11 spartan-snowy005 kernel: Memory cgroup stats for /slurm/uid_12990/job_21159076/step_1: cache:9792KB rss:33544640KB rss_huge:2048KB mapped_file:9252KB swap:0KB inactive_anon:2407356KB active_anon:31147072KB inactive_file:0KB active_file:4KB unevictable:0KB
Oct 24 23:15:09 spartan-snowy012 kernel: Task in /slurm/uid_12990/job_21159076/step_1 killed as a result of limit of /slurm/uid_12990/job_21159076/step_1
Oct 24 23:15:09 spartan-snowy012 kernel: memory: usage 33554432kB, limit 33554432kB, failcnt 86
Oct 24 23:15:09 spartan-snowy012 kernel: memory+swap: usage 33554432kB, limit 33554432kB, failcnt 0
Oct 24 23:15:09 spartan-snowy012 kernel: kmem: usage 0kB, limit 9007199254740988kB, failcnt 0
Oct 24 23:15:09 spartan-snowy012 kernel: Memory cgroup stats for /slurm/uid_12990/job_21159076/step_1: cache:9800KB rss:33544632KB rss_huge:81920KB mapped_file:9248KB swap:0KB inactive_anon:121756KB active_anon:33432664KB inactive_file:12KB active_file:0KB unevictable:0KB
