--------------------------------------------------------------------------
Open MPI tried to fork a new process via the "execve" system call but
failed.  Open MPI checks many things before attempting to launch a
child process, but nothing is perfect. This error may be indicative
of another problem on the target host, or even something as silly as
having specified a directory for your application. Your job will now
abort.

  Local host:        spartan-snowy025
  Working dir:       /home/xinyaon/COMP90025/COMP90025-Parallel-Multicore-Computing/nbody
  Application name:  /home/xinyaon/COMP90025/COMP90025-Parallel-Multicore-Computing/nbody/nlogn
  Error:             Exec format error
--------------------------------------------------------------------------
--------------------------------------------------------------------------
mpirun was unable to start the specified application as it encountered an
error:

Error code: 1
Error name: (null)
Node: spartan-snowy025

when attempting to start process rank 0.
--------------------------------------------------------------------------
[spartan-snowy025.hpc.unimelb.edu.au:21951] 1 more process has sent help message help-orte-odls-default.txt / execve error
[spartan-snowy025.hpc.unimelb.edu.au:21951] Set MCA parameter "orte_base_help_aggregate" to 0 to see all help / error messages
--------------------------------------------------------------------------
Open MPI tried to fork a new process via the "execve" system call but
failed.  Open MPI checks many things before attempting to launch a
child process, but nothing is perfect. This error may be indicative
of another problem on the target host, or even something as silly as
having specified a directory for your application. Your job will now
abort.

  Local host:        spartan-snowy025
  Working dir:       /home/xinyaon/COMP90025/COMP90025-Parallel-Multicore-Computing/nbody
  Application name:  /home/xinyaon/COMP90025/COMP90025-Parallel-Multicore-Computing/nbody/nlogn
  Error:             Exec format error
--------------------------------------------------------------------------
--------------------------------------------------------------------------
mpirun was unable to start the specified application as it encountered an
error:

Error code: 1
Error name: (null)
Node: spartan-snowy025

when attempting to start process rank 0.
--------------------------------------------------------------------------
[spartan-snowy025.hpc.unimelb.edu.au:22001] 1 more process has sent help message help-orte-odls-default.txt / execve error
[spartan-snowy025.hpc.unimelb.edu.au:22001] Set MCA parameter "orte_base_help_aggregate" to 0 to see all help / error messages
[spartan-snowy025:23284:0:23284] Caught signal 11 (Segmentation fault: Sent by the kernel at address (nil))
--------------------------------------------------------------------------
Primary job  terminated normally, but 1 process returned
a non-zero exit code. Per user-direction, the job has been aborted.
--------------------------------------------------------------------------
--------------------------------------------------------------------------
mpirun noticed that process rank 1 with PID 15070 on node spartan-snowy026 exited on signal 7 (Bus error).
--------------------------------------------------------------------------
slurmstepd: error: Detected 1 oom-kill event(s) in step 21157285.batch cgroup. Some of your processes may have been killed by the cgroup out-of-memory handler.
