Oct 24 22:51:57 spartan-snowy017 kernel: Task in /slurm/uid_12990/job_21158703/step_0 killed as a result of limit of /slurm/uid_12990/job_21158703/step_0
Oct 24 22:51:57 spartan-snowy017 kernel: memory: usage 33554432kB, limit 33554432kB, failcnt 3617
Oct 24 22:51:57 spartan-snowy017 kernel: memory+swap: usage 33554432kB, limit 33554432kB, failcnt 0
Oct 24 22:51:57 spartan-snowy017 kernel: kmem: usage 0kB, limit 9007199254740988kB, failcnt 0
Oct 24 22:51:57 spartan-snowy017 kernel: Memory cgroup stats for /slurm/uid_12990/job_21158703/step_0: cache:9792KB rss:33544640KB rss_huge:81920KB mapped_file:9252KB swap:0KB inactive_anon:1864220KB active_anon:31690208KB inactive_file:0KB active_file:4KB unevictable:0KB
Oct 24 22:52:30 spartan-snowy017 kernel: Task in /slurm/uid_12990/job_21158703/step_1 killed as a result of limit of /slurm/uid_12990/job_21158703/step_1
Oct 24 22:52:30 spartan-snowy017 kernel: memory: usage 33554432kB, limit 33554432kB, failcnt 105
Oct 24 22:52:30 spartan-snowy017 kernel: memory+swap: usage 33554432kB, limit 33554432kB, failcnt 0
Oct 24 22:52:30 spartan-snowy017 kernel: kmem: usage 0kB, limit 9007199254740988kB, failcnt 0
Oct 24 22:52:30 spartan-snowy017 kernel: Memory cgroup stats for /slurm/uid_12990/job_21158703/step_1: cache:9816KB rss:33544616KB rss_huge:81920KB mapped_file:9248KB swap:0KB inactive_anon:121884KB active_anon:33432520KB inactive_file:28KB active_file:0KB unevictable:0KB
Oct 24 22:51:56 spartan-snowy012 kernel: Task in /slurm/uid_12990/job_21158703/step_0 killed as a result of limit of /slurm/uid_12990/job_21158703/step_0
Oct 24 22:51:56 spartan-snowy012 kernel: memory: usage 33554432kB, limit 33554432kB, failcnt 88
Oct 24 22:51:56 spartan-snowy012 kernel: memory+swap: usage 33554432kB, limit 33554432kB, failcnt 0
Oct 24 22:51:56 spartan-snowy012 kernel: kmem: usage 0kB, limit 9007199254740988kB, failcnt 0
Oct 24 22:51:56 spartan-snowy012 kernel: Memory cgroup stats for /slurm/uid_12990/job_21158703/step_0: cache:9816KB rss:33544616KB rss_huge:81920KB mapped_file:9248KB swap:0KB inactive_anon:119836KB active_anon:33434568KB inactive_file:28KB active_file:0KB unevictable:0KB
Oct 24 22:52:31 spartan-snowy012 kernel: Task in /slurm/uid_12990/job_21158703/step_1 killed as a result of limit of /slurm/uid_12990/job_21158703/step_1
Oct 24 22:52:31 spartan-snowy012 kernel: memory: usage 33554432kB, limit 33554432kB, failcnt 3604
Oct 24 22:52:31 spartan-snowy012 kernel: memory+swap: usage 33554432kB, limit 33554432kB, failcnt 0
Oct 24 22:52:31 spartan-snowy012 kernel: kmem: usage 0kB, limit 9007199254740988kB, failcnt 0
Oct 24 22:52:31 spartan-snowy012 kernel: Memory cgroup stats for /slurm/uid_12990/job_21158703/step_1: cache:9792KB rss:33544640KB rss_huge:81920KB mapped_file:9252KB swap:0KB inactive_anon:1864220KB active_anon:31690208KB inactive_file:0KB active_file:4KB unevictable:0KB
Oct 24 22:51:58 spartan-snowy006 kernel: Task in /slurm/uid_12990/job_21158703/step_0 killed as a result of limit of /slurm/uid_12990/job_21158703/step_0
Oct 24 22:51:58 spartan-snowy006 kernel: memory: usage 33554432kB, limit 33554432kB, failcnt 3028
Oct 24 22:51:58 spartan-snowy006 kernel: memory+swap: usage 33554432kB, limit 33554432kB, failcnt 0
Oct 24 22:51:58 spartan-snowy006 kernel: kmem: usage 0kB, limit 9007199254740988kB, failcnt 0
Oct 24 22:51:58 spartan-snowy006 kernel: Memory cgroup stats for /slurm/uid_12990/job_21158703/step_0: cache:9792KB rss:33544640KB rss_huge:0KB mapped_file:9252KB swap:0KB inactive_anon:2581308KB active_anon:30973120KB inactive_file:0KB active_file:4KB unevictable:0KB
Oct 24 22:52:32 spartan-snowy006 kernel: Task in /slurm/uid_12990/job_21158703/step_1 killed as a result of limit of /slurm/uid_12990/job_21158703/step_1
Oct 24 22:52:32 spartan-snowy006 kernel: memory: usage 33554432kB, limit 33554432kB, failcnt 93
Oct 24 22:52:32 spartan-snowy006 kernel: memory+swap: usage 33554432kB, limit 33554432kB, failcnt 0
Oct 24 22:52:32 spartan-snowy006 kernel: kmem: usage 0kB, limit 9007199254740988kB, failcnt 0
Oct 24 22:52:32 spartan-snowy006 kernel: Memory cgroup stats for /slurm/uid_12990/job_21158703/step_1: cache:9816KB rss:33544616KB rss_huge:0KB mapped_file:9248KB swap:0KB inactive_anon:63676KB active_anon:33490728KB inactive_file:28KB active_file:0KB unevictable:0KB
Oct 24 22:51:57 spartan-snowy001 kernel: Task in /slurm/uid_12990/job_21158703/step_batch killed as a result of limit of /slurm/uid_12990/job_21158703/step_batch
Oct 24 22:51:57 spartan-snowy001 kernel: memory: usage 33554432kB, limit 33554432kB, failcnt 3791
Oct 24 22:51:57 spartan-snowy001 kernel: memory+swap: usage 33554432kB, limit 33554432kB, failcnt 0
Oct 24 22:51:57 spartan-snowy001 kernel: kmem: usage 0kB, limit 9007199254740988kB, failcnt 0
Oct 24 22:51:57 spartan-snowy001 kernel: Memory cgroup stats for /slurm/uid_12990/job_21158703/step_batch: cache:9796KB rss:33544636KB rss_huge:81920KB mapped_file:9252KB swap:0KB inactive_anon:1864224KB active_anon:31690204KB inactive_file:0KB active_file:0KB unevictable:0KB
Oct 24 22:52:31 spartan-snowy001 kernel: Task in /slurm/uid_12990/job_21158703/step_batch killed as a result of limit of /slurm/uid_12990/job_21158703/step_batch
Oct 24 22:52:31 spartan-snowy001 kernel: memory: usage 33554432kB, limit 33554432kB, failcnt 7480
Oct 24 22:52:31 spartan-snowy001 kernel: memory+swap: usage 33554432kB, limit 33554432kB, failcnt 0
Oct 24 22:52:31 spartan-snowy001 kernel: kmem: usage 0kB, limit 9007199254740988kB, failcnt 0
Oct 24 22:52:31 spartan-snowy001 kernel: Memory cgroup stats for /slurm/uid_12990/job_21158703/step_batch: cache:9796KB rss:33544636KB rss_huge:81920KB mapped_file:9252KB swap:0KB inactive_anon:1864224KB active_anon:31690204KB inactive_file:0KB active_file:0KB unevictable:0KB
