Oct 24 20:47:11 spartan-snowy027 kernel: Task in /slurm/uid_12990/job_21157379/step_4 killed as a result of limit of /slurm/uid_12990/job_21157379/step_4
Oct 24 20:47:11 spartan-snowy027 kernel: memory: usage 33554432kB, limit 33554432kB, failcnt 86
Oct 24 20:47:11 spartan-snowy027 kernel: memory+swap: usage 33554432kB, limit 33554432kB, failcnt 0
Oct 24 20:47:11 spartan-snowy027 kernel: kmem: usage 0kB, limit 9007199254740988kB, failcnt 0
Oct 24 20:47:11 spartan-snowy027 kernel: Memory cgroup stats for /slurm/uid_12990/job_21157379/step_4: cache:9816KB rss:33544616KB rss_huge:81920KB mapped_file:9248KB swap:0KB inactive_anon:121756KB active_anon:33432648KB inactive_file:28KB active_file:0KB unevictable:0KB
Oct 24 20:47:11 spartan-snowy017 kernel: Task in /slurm/uid_12990/job_21157379/step_4 killed as a result of limit of /slurm/uid_12990/job_21157379/step_4
Oct 24 20:47:11 spartan-snowy017 kernel: memory: usage 33554432kB, limit 33554432kB, failcnt 3581
Oct 24 20:47:11 spartan-snowy017 kernel: memory+swap: usage 33554432kB, limit 33554432kB, failcnt 0
Oct 24 20:47:11 spartan-snowy017 kernel: kmem: usage 0kB, limit 9007199254740988kB, failcnt 0
Oct 24 20:47:11 spartan-snowy017 kernel: Memory cgroup stats for /slurm/uid_12990/job_21157379/step_4: cache:9792KB rss:33544640KB rss_huge:81920KB mapped_file:9252KB swap:0KB inactive_anon:1864220KB active_anon:31690208KB inactive_file:0KB active_file:0KB unevictable:0KB
20:47:11 spartan-snowy012 kernel: Task in /slurm/uid_12990/job_21157379/step_4 killed as a result of limit of /slurm/uid_12990/job_21157379/step_4
Oct 24 20:47:11 spartan-snowy012 kernel: memory: usage 33554432kB, limit 33554432kB, failcnt 86
Oct 24 20:47:11 spartan-snowy012 kernel: memory+swap: usage 33554432kB, limit 33554432kB, failcnt 0
Oct 24 20:47:11 spartan-snowy012 kernel: kmem: usage 0kB, limit 9007199254740988kB, failcnt 0
Oct 24 20:47:11 spartan-snowy012 kernel: Memory cgroup stats for /slurm/uid_12990/job_21157379/step_4: cache:9816KB rss:33544616KB rss_huge:81920KB mapped_file:9248KB swap:0KB inactive_anon:118428KB active_anon:33435976KB inactive_file:28KB active_file:0KB unevictable:0KB
Oct 24 20:47:13 spartan-snowy024 kernel: Task in /slurm/uid_12990/job_21157379/step_4 killed as a result of limit of /slurm/uid_12990/job_21157379/step_4
Oct 24 20:47:13 spartan-snowy024 kernel: memory: usage 33554432kB, limit 33554432kB, failcnt 86
Oct 24 20:47:13 spartan-snowy024 kernel: memory+swap: usage 33554432kB, limit 33554432kB, failcnt 0
Oct 24 20:47:13 spartan-snowy024 kernel: kmem: usage 0kB, limit 9007199254740988kB, failcnt 0
Oct 24 20:47:13 spartan-snowy024 kernel: Memory cgroup stats for /slurm/uid_12990/job_21157379/step_4: cache:9816KB rss:33544616KB rss_huge:83968KB mapped_file:9248KB swap:0KB inactive_anon:147352KB active_anon:33407052KB inactive_file:28KB active_file:0KB unevictable:0KB
Oct 24 20:47:14 spartan-snowy023 kernel: Task in /slurm/uid_12990/job_21157379/step_4 killed as a result of limit of /slurm/uid_12990/job_21157379/step_4
Oct 24 20:47:14 spartan-snowy023 kernel: memory: usage 33554432kB, limit 33554432kB, failcnt 86
Oct 24 20:47:14 spartan-snowy023 kernel: memory+swap: usage 33554432kB, limit 33554432kB, failcnt 0
Oct 24 20:47:14 spartan-snowy023 kernel: kmem: usage 0kB, limit 9007199254740988kB, failcnt 0
Oct 24 20:47:14 spartan-snowy023 kernel: Memory cgroup stats for /slurm/uid_12990/job_21157379/step_4: cache:9816KB rss:33544616KB rss_huge:57344KB mapped_file:9248KB swap:0KB inactive_anon:93932KB active_anon:33460472KB inactive_file:28KB active_file:0KB unevictable:0KB
Oct 24 20:47:14 spartan-snowy003 kernel: Task in /slurm/uid_12990/job_21157379/step_4 killed as a result of limit of /slurm/uid_12990/job_21157379/step_4
Oct 24 20:47:14 spartan-snowy003 kernel: memory: usage 33554432kB, limit 33554432kB, failcnt 86
Oct 24 20:47:14 spartan-snowy003 kernel: memory+swap: usage 33554432kB, limit 33554432kB, failcnt 0
Oct 24 20:47:15 spartan-snowy003 kernel: kmem: usage 0kB, limit 9007199254740988kB, failcnt 0
Oct 24 20:47:15 spartan-snowy003 kernel: Memory cgroup stats for /slurm/uid_12990/job_21157379/step_4: cache:9816KB rss:33544616KB rss_huge:0KB mapped_file:9248KB swap:0KB inactive_anon:63548KB active_anon:33490856KB inactive_file:28KB active_file:0KB unevictable:0KB
