Oct 24 22:34:29 spartan-snowy017 kernel: Task in /slurm/uid_12990/job_21158608/step_0 killed as a result of limit of /slurm/uid_12990/job_21158608/step_0
Oct 24 22:34:29 spartan-snowy017 kernel: memory: usage 33554432kB, limit 33554432kB, failcnt 3607
Oct 24 22:34:29 spartan-snowy017 kernel: memory+swap: usage 33554432kB, limit 33554432kB, failcnt 0
Oct 24 22:34:29 spartan-snowy017 kernel: kmem: usage 0kB, limit 9007199254740988kB, failcnt 0
Oct 24 22:34:29 spartan-snowy017 kernel: Memory cgroup stats for /slurm/uid_12990/job_21158608/step_0: cache:9792KB rss:33544640KB rss_huge:83968KB mapped_file:9252KB swap:0KB inactive_anon:1864216KB active_anon:31690212KB inactive_file:0KB active_file:4KB unevictable:0KB
Oct 24 22:35:02 spartan-snowy017 kernel: Task in /slurm/uid_12990/job_21158608/step_1 killed as a result of limit of /slurm/uid_12990/job_21158608/step_1
Oct 24 22:35:02 spartan-snowy017 kernel: memory: usage 33554432kB, limit 33554432kB, failcnt 781
Oct 24 22:35:02 spartan-snowy017 kernel: memory+swap: usage 33554432kB, limit 33554432kB, failcnt 0
Oct 24 22:35:02 spartan-snowy017 kernel: kmem: usage 0kB, limit 9007199254740988kB, failcnt 0
Oct 24 22:35:02 spartan-snowy017 kernel: Memory cgroup stats for /slurm/uid_12990/job_21158608/step_1: cache:9788KB rss:33544644KB rss_huge:81920KB mapped_file:9248KB swap:0KB inactive_anon:255004KB active_anon:33299428KB inactive_file:0KB active_file:0KB unevictable:0KB
Oct 24 22:34:31 spartan-snowy024 kernel: Task in /slurm/uid_12990/job_21158608/step_0 killed as a result of limit of /slurm/uid_12990/job_21158608/step_0
Oct 24 22:34:31 spartan-snowy024 kernel: memory: usage 33554432kB, limit 33554432kB, failcnt 2312
Oct 24 22:34:31 spartan-snowy024 kernel: memory+swap: usage 33554432kB, limit 33554432kB, failcnt 0
Oct 24 22:34:31 spartan-snowy024 kernel: kmem: usage 0kB, limit 9007199254740988kB, failcnt 0
Oct 24 22:34:31 spartan-snowy024 kernel: Memory cgroup stats for /slurm/uid_12990/job_21158608/step_0: cache:9796KB rss:33544636KB rss_huge:81920KB mapped_file:9256KB swap:0KB inactive_anon:2581276KB active_anon:30973148KB inactive_file:0KB active_file:8KB unevictable:0KB
Oct 24 22:35:04 spartan-snowy024 kernel: Task in /slurm/uid_12990/job_21158608/step_1 killed as a result of limit of /slurm/uid_12990/job_21158608/step_1
Oct 24 22:35:04 spartan-snowy024 kernel: memory: usage 33554432kB, limit 33554432kB, failcnt 771
Oct 24 22:35:04 spartan-snowy024 kernel: memory+swap: usage 33554432kB, limit 33554432kB, failcnt 0
Oct 24 22:35:04 spartan-snowy024 kernel: kmem: usage 0kB, limit 9007199254740988kB, failcnt 0
Oct 24 22:35:04 spartan-snowy024 kernel: Memory cgroup stats for /slurm/uid_12990/job_21158608/step_1: cache:9788KB rss:33544644KB rss_huge:81920KB mapped_file:9248KB swap:0KB inactive_anon:288668KB active_anon:33265764KB inactive_file:0KB active_file:0KB unevictable:0KB
Oct 24 22:34:32 spartan-snowy023 kernel: Task in /slurm/uid_12990/job_21158608/step_0 killed as a result of limit of /slurm/uid_12990/job_21158608/step_0
Oct 24 22:34:32 spartan-snowy023 kernel: memory: usage 33554432kB, limit 33554432kB, failcnt 115
Oct 24 22:34:32 spartan-snowy023 kernel: memory+swap: usage 33554432kB, limit 33554432kB, failcnt 0
Oct 24 22:34:32 spartan-snowy023 kernel: kmem: usage 0kB, limit 9007199254740988kB, failcnt 0
Oct 24 22:34:32 spartan-snowy023 kernel: Memory cgroup stats for /slurm/uid_12990/job_21158608/step_0: cache:9816KB rss:33544616KB rss_huge:59392KB mapped_file:9248KB swap:0KB inactive_anon:96104KB active_anon:33458300KB inactive_file:28KB active_file:0KB unevictable:0KB
Oct 24 22:34:31 spartan-snowy006 kernel: Task in /slurm/uid_12990/job_21158608/step_0 killed as a result of limit of /slurm/uid_12990/job_21158608/step_0
Oct 24 22:34:31 spartan-snowy006 kernel: memory: usage 33554432kB, limit 33554432kB, failcnt 111
Oct 24 22:34:31 spartan-snowy006 kernel: memory+swap: usage 33554432kB, limit 33554432kB, failcnt 0
Oct 24 22:34:31 spartan-snowy006 kernel: kmem: usage 0kB, limit 9007199254740988kB, failcnt 0
Oct 24 22:34:31 spartan-snowy006 kernel: Memory cgroup stats for /slurm/uid_12990/job_21158608/step_0: cache:9816KB rss:33544616KB rss_huge:0KB mapped_file:9248KB swap:0KB inactive_anon:63932KB active_anon:33490472KB inactive_file:28KB active_file:0KB unevictable:0KB
Oct 24 22:35:04 spartan-snowy006 kernel: Task in /slurm/uid_12990/job_21158608/step_1 killed as a result of limit of /slurm/uid_12990/job_21158608/step_1
Oct 24 22:35:04 spartan-snowy006 kernel: memory: usage 33554432kB, limit 33554432kB, failcnt 770
Oct 24 22:35:04 spartan-snowy006 kernel: memory+swap: usage 33554432kB, limit 33554432kB, failcnt 0
Oct 24 22:35:04 spartan-snowy006 kernel: kmem: usage 0kB, limit 9007199254740988kB, failcnt 0
Oct 24 22:35:04 spartan-snowy006 kernel: Memory cgroup stats for /slurm/uid_12990/job_21158608/step_1: cache:9788KB rss:33544644KB rss_huge:0KB mapped_file:9248KB swap:0KB inactive_anon:200252KB active_anon:33354180KB inactive_file:0KB active_file:0KB unevictable:0KB
Oct 24 22:34:30 spartan-snowy001 kernel: Task in /slurm/uid_12990/job_21158608/step_batch killed as a result of limit of /slurm/uid_12990/job_21158608/step_batch
Oct 24 22:34:30 spartan-snowy001 kernel: memory: usage 33554432kB, limit 33554432kB, failcnt 343
Oct 24 22:34:30 spartan-snowy001 kernel: memory+swap: usage 33554432kB, limit 33554432kB, failcnt 0
Oct 24 22:34:30 spartan-snowy001 kernel: kmem: usage 0kB, limit 9007199254740988kB, failcnt 0
Oct 24 22:34:30 spartan-snowy001 kernel: Memory cgroup stats for /slurm/uid_12990/job_21158608/step_batch: cache:9800KB rss:33544632KB rss_huge:81920KB mapped_file:9248KB swap:0KB inactive_anon:115104KB active_anon:33439320KB inactive_file:8KB active_file:0KB unevictable:0KB
Oct 24 22:35:03 spartan-snowy001 kernel: Task in /slurm/uid_12990/job_21158608/step_batch killed as a result of limit of /slurm/uid_12990/job_21158608/step_batch
Oct 24 22:35:03 spartan-snowy001 kernel: memory: usage 33554432kB, limit 33554432kB, failcnt 394
Oct 24 22:35:03 spartan-snowy001 kernel: memory+swap: usage 33554432kB, limit 33554432kB, failcnt 0
Oct 24 22:35:03 spartan-snowy001 kernel: kmem: usage 0kB, limit 9007199254740988kB, failcnt 0
Oct 24 22:35:03 spartan-snowy001 kernel: Memory cgroup stats for /slurm/uid_12990/job_21158608/step_batch: cache:9804KB rss:33544628KB rss_huge:81920KB mapped_file:9248KB swap:0KB inactive_anon:114208KB active_anon:33440212KB inactive_file:12KB active_file:0KB unevictable:0KB
