Oct 24 23:07:24 spartan-snowy001 kernel: Task in /slurm/uid_12990/job_21158800/step_batch killed as a result of limit of /slurm/uid_12990/job_21158800/step_batch
Oct 24 23:07:24 spartan-snowy001 kernel: memory: usage 33554432kB, limit 33554432kB, failcnt 360
Oct 24 23:07:24 spartan-snowy001 kernel: memory+swap: usage 33554432kB, limit 33554432kB, failcnt 0
Oct 24 23:07:24 spartan-snowy001 kernel: kmem: usage 0kB, limit 9007199254740988kB, failcnt 0
Oct 24 23:07:24 spartan-snowy001 kernel: Memory cgroup stats for /slurm/uid_12990/job_21158800/step_batch: cache:9832KB rss:33544600KB rss_huge:83968KB mapped_file:9248KB swap:0KB inactive_anon:116892KB active_anon:33437500KB inactive_file:40KB active_file:0KB unevictable:0KB
Oct 24 23:07:25 spartan-snowy024 kernel: Task in /slurm/uid_12990/job_21158800/step_0 killed as a result of limit of /slurm/uid_12990/job_21158800/step_0
Oct 24 23:07:25 spartan-snowy024 kernel: memory: usage 33554432kB, limit 33554432kB, failcnt 115
Oct 24 23:07:25 spartan-snowy024 kernel: memory+swap: usage 33554432kB, limit 33554432kB, failcnt 0
Oct 24 23:07:25 spartan-snowy024 kernel: kmem: usage 0kB, limit 9007199254740988kB, failcnt 0
Oct 24 23:07:25 spartan-snowy024 kernel: Memory cgroup stats for /slurm/uid_12990/job_21158800/step_0: cache:9816KB rss:33544616KB rss_huge:81920KB mapped_file:9248KB swap:0KB inactive_anon:144796KB active_anon:33409608KB inactive_file:28KB active_file:0KB unevictable:0KB
Oct 24 23:07:27 spartan-snowy023 kernel: Task in /slurm/uid_12990/job_21158800/step_0 killed as a result of limit of /slurm/uid_12990/job_21158800/step_0
Oct 24 23:07:27 spartan-snowy023 kernel: memory: usage 33554432kB, limit 33554432kB, failcnt 132
Oct 24 23:07:27 spartan-snowy023 kernel: memory+swap: usage 33554432kB, limit 33554432kB, failcnt 0
Oct 24 23:07:27 spartan-snowy023 kernel: kmem: usage 0kB, limit 9007199254740988kB, failcnt 0
Oct 24 23:07:27 spartan-snowy023 kernel: Memory cgroup stats for /slurm/uid_12990/job_21158800/step_0: cache:9816KB rss:33544616KB rss_huge:2048KB mapped_file:9248KB swap:0KB inactive_anon:45500KB active_anon:33508904KB inactive_file:28KB active_file:0KB unevictable:0KB
Oct 24 23:07:24 spartan-snowy017 kernel: Task in /slurm/uid_12990/job_21158800/step_0 killed as a result of limit of /slurm/uid_12990/job_21158800/step_0
Oct 24 23:07:24 spartan-snowy017 kernel: memory: usage 33554432kB, limit 33554432kB, failcnt 108
Oct 24 23:07:24 spartan-snowy017 kernel: memory+swap: usage 33554432kB, limit 33554432kB, failcnt 0
Oct 24 23:07:24 spartan-snowy017 kernel: kmem: usage 0kB, limit 9007199254740988kB, failcnt 0
Oct 24 23:07:24 spartan-snowy017 kernel: Memory cgroup stats for /slurm/uid_12990/job_21158800/step_0: cache:9816KB rss:33544616KB rss_huge:81920KB mapped_file:9248KB swap:0KB inactive_anon:121884KB active_anon:33432520KB inactive_file:28KB active_file:0KB unevictable:0KB
 24 23:07:24 spartan-snowy005 kernel: Task in /slurm/uid_12990/job_21158800/step_0 killed as a result of limit of /slurm/uid_12990/job_21158800/step_0
Oct 24 23:07:24 spartan-snowy005 kernel: memory: usage 33554432kB, limit 33554432kB, failcnt 114
Oct 24 23:07:24 spartan-snowy005 kernel: memory+swap: usage 33554432kB, limit 33554432kB, failcnt 0
Oct 24 23:07:24 spartan-snowy005 kernel: kmem: usage 0kB, limit 9007199254740988kB, failcnt 0
Oct 24 23:07:24 spartan-snowy005 kernel: Memory cgroup stats for /slurm/uid_12990/job_21158800/step_0: cache:9816KB rss:33544616KB rss_huge:73728KB mapped_file:9248KB swap:0KB inactive_anon:140776KB active_anon:33413628KB inactive_file:28KB active_file:0KB unevictable:0KB
Oct 24 23:07:24 spartan-snowy012 kernel: Task in /slurm/uid_12990/job_21158800/step_0 killed as a result of limit of /slurm/uid_12990/job_21158800/step_0
Oct 24 23:07:24 spartan-snowy012 kernel: memory: usage 33554432kB, limit 33554432kB, failcnt 3599
Oct 24 23:07:24 spartan-snowy012 kernel: memory+swap: usage 33554432kB, limit 33554432kB, failcnt 0
Oct 24 23:07:24 spartan-snowy012 kernel: kmem: usage 0kB, limit 9007199254740988kB, failcnt 0
Oct 24 23:07:24 spartan-snowy012 kernel: Memory cgroup stats for /slurm/uid_12990/job_21158800/step_0: cache:9792KB rss:33544640KB rss_huge:81920KB mapped_file:9252KB swap:0KB inactive_anon:1864220KB active_anon:31690208KB inactive_file:0KB active_file:4KB unevictable:0KB
