--------------------------------------------------------------------------
Open MPI tried to fork a new process via the "execve" system call but
failed.  Open MPI checks many things before attempting to launch a
child process, but nothing is perfect. This error may be indicative
of another problem on the target host, or even something as silly as
having specified a directory for your application. Your job will now
abort.

  Local host:        spartan-snowy001
  Working dir:       /home/xinyaon/COMP90025/COMP90025-Parallel-Multicore-Computing/nbody
  Application name:  /home/xinyaon/COMP90025/COMP90025-Parallel-Multicore-Computing/nbody/nlogn
  Error:             Exec format error
--------------------------------------------------------------------------
--------------------------------------------------------------------------
mpirun was unable to start the specified application as it encountered an
error:

Error code: 1
Error name: (null)
Node: spartan-snowy001

when attempting to start process rank 0.
--------------------------------------------------------------------------
[spartan-snowy001.hpc.unimelb.edu.au:04877] 11 more processes have sent help message help-orte-odls-default.txt / execve error
[spartan-snowy001.hpc.unimelb.edu.au:04877] Set MCA parameter "orte_base_help_aggregate" to 0 to see all help / error messages
--------------------------------------------------------------------------
Open MPI tried to fork a new process via the "execve" system call but
failed.  Open MPI checks many things before attempting to launch a
child process, but nothing is perfect. This error may be indicative
of another problem on the target host, or even something as silly as
having specified a directory for your application. Your job will now
abort.

  Local host:        spartan-snowy001
  Working dir:       /home/xinyaon/COMP90025/COMP90025-Parallel-Multicore-Computing/nbody
  Application name:  /home/xinyaon/COMP90025/COMP90025-Parallel-Multicore-Computing/nbody/nlogn
  Error:             Exec format error
--------------------------------------------------------------------------
--------------------------------------------------------------------------
mpirun was unable to start the specified application as it encountered an
error:

Error code: 1
Error name: (null)
Node: spartan-snowy001

when attempting to start process rank 0.
--------------------------------------------------------------------------
[spartan-snowy001.hpc.unimelb.edu.au:04930] 11 more processes have sent help message help-orte-odls-default.txt / execve error
[spartan-snowy001.hpc.unimelb.edu.au:04930] Set MCA parameter "orte_base_help_aggregate" to 0 to see all help / error messages
