In file included from <command-line>:
/usr/include/stdc-predef.h:1: fatal error: can’t create precompiled header nlogn: Text file busy
 /* Copyright (C) 1991-2012 Free Software Foundation, Inc.
 
compilation terminated.
--------------------------------------------------------------------------
mpirun was unable to find the specified executable file, and therefore
did not launch the job.  This error was first reported for process
rank 0; it may have occurred for other processes as well.

NOTE: A common cause for this error is misspelling a mpirun command
      line parameter option (remember that mpirun interprets the first
      unrecognized command line token as the executable).

Node:       spartan-snowy006
Executable: nlogn
--------------------------------------------------------------------------
--------------------------------------------------------------------------
mpirun was unable to find the specified executable file, and therefore
did not launch the job.  This error was first reported for process
rank 0; it may have occurred for other processes as well.

NOTE: A common cause for this error is misspelling a mpirun command
      line parameter option (remember that mpirun interprets the first
      unrecognized command line token as the executable).

Node:       spartan-snowy006
Executable: nlogn
--------------------------------------------------------------------------
