Oct 24 23:16:08 spartan-snowy001 kernel: Task in /slurm/uid_12990/job_21159077/step_batch killed as a result of limit of /slurm/uid_12990/job_21159077/step_batch
Oct 24 23:16:08 spartan-snowy001 kernel: memory: usage 33554432kB, limit 33554432kB, failcnt 2585
Oct 24 23:16:08 spartan-snowy001 kernel: memory+swap: usage 33554432kB, limit 33554432kB, failcnt 0
Oct 24 23:16:08 spartan-snowy001 kernel: kmem: usage 0kB, limit 9007199254740988kB, failcnt 0
Oct 24 23:16:08 spartan-snowy001 kernel: Memory cgroup stats for /slurm/uid_12990/job_21159077/step_batch: cache:9800KB rss:33544632KB rss_huge:81920KB mapped_file:9252KB swap:0KB inactive_anon:1864224KB active_anon:31690200KB inactive_file:4KB active_file:4KB unevictable:0KB
Oct 24 23:16:07 spartan-snowy017 kernel: Task in /slurm/uid_12990/job_21159077/step_1 killed as a result of limit of /slurm/uid_12990/job_21159077/step_1
Oct 24 23:16:07 spartan-snowy017 kernel: memory: usage 33554432kB, limit 33554432kB, failcnt 3577
Oct 24 23:16:07 spartan-snowy017 kernel: memory+swap: usage 33554432kB, limit 33554432kB, failcnt 0
Oct 24 23:16:07 spartan-snowy017 kernel: kmem: usage 0kB, limit 9007199254740988kB, failcnt 0
Oct 24 23:16:07 spartan-snowy017 kernel: Memory cgroup stats for /slurm/uid_12990/job_21159077/step_1: cache:9792KB rss:33544640KB rss_huge:83968KB mapped_file:9252KB swap:0KB inactive_anon:1864216KB active_anon:31690212KB inactive_file:0KB active_file:4KB unevictable:0KB
23:16:10 spartan-snowy003 kernel: Task in /slurm/uid_12990/job_21159077/step_1 killed as a result of limit of /slurm/uid_12990/job_21159077/step_1
Oct 24 23:16:10 spartan-snowy003 kernel: memory: usage 33554432kB, limit 33554432kB, failcnt 89
Oct 24 23:16:10 spartan-snowy003 kernel: memory+swap: usage 33554432kB, limit 33554432kB, failcnt 0
Oct 24 23:16:10 spartan-snowy003 kernel: kmem: usage 0kB, limit 9007199254740988kB, failcnt 0
Oct 24 23:16:10 spartan-snowy003 kernel: Memory cgroup stats for /slurm/uid_12990/job_21159077/step_1: cache:9816KB rss:33544616KB rss_huge:0KB mapped_file:9248KB swap:0KB inactive_anon:63548KB active_anon:33490856KB inactive_file:28KB active_file:0KB unevictable:0KB
Oct 24 23:16:08 spartan-snowy012 kernel: Task in /slurm/uid_12990/job_21159077/step_1 killed as a result of limit of /slurm/uid_12990/job_21159077/step_1
Oct 24 23:16:08 spartan-snowy012 kernel: memory: usage 33554432kB, limit 33554432kB, failcnt 3580
Oct 24 23:16:08 spartan-snowy012 kernel: memory+swap: usage 33554432kB, limit 33554432kB, failcnt 0
Oct 24 23:16:08 spartan-snowy012 kernel: kmem: usage 0kB, limit 9007199254740988kB, failcnt 0
Oct 24 23:16:08 spartan-snowy012 kernel: Memory cgroup stats for /slurm/uid_12990/job_21159077/step_1: cache:9792KB rss:33544640KB rss_huge:83968KB mapped_file:9252KB swap:0KB inactive_anon:1864216KB active_anon:31690212KB inactive_file:0KB active_file:0KB unevictable:0KB
