I am 0 from group 0
I am 1 from group 1
rank-6result:52116 6 493318e5aa1147ef501f09f3aa6db110926b0127729f6c0bdbfdd90ca5f5401e8e84a346454c0ffd0b06bc92ba4e28f356bf2c2f86263ce9e039f202e2416ee2
rank-5result:37279 5 01d94568afb88ead84a23e3c5364851d28ba7ebe957d28da75fb3eae0ded0dc7cad93b3a883cd42665cbba7a38a9e1333437296584f3150bd5a79c44a9b14990
rank-7result:30000 7 e87ebbb2d7c03ea5407bc11a7d352935b06fa678d968d61af03b57b5428f8f7b19005468c45ae0b75a4887e106806922c60119f7b3511953aa52d0684199e7df
rank-4result:53193 4 0ff4ea8d4a0a7a5058465945132b40f0caadc6c6ac500c39a4d96e2b64498c0e2126d7cb30975e1e0c4bfe809c6793e42aa032c69a08dde6beb0f885403ec241
rank-2result:25007 2 ecb3207581a2a989dff2459aa98bad49dab8beac94546a22cc53f4f73c2a68516b6b2d33095ed9bea07d0a249fe1c99602de800c3649f75472ae969742c94c01
rank-3result:56880 3 febc7cf8d0c399e860a10a57ac69a5b74c1e4836172cd27ce8345d2a30d472310848ce14a9068096545f8e6bc5e8de6d347a5556584df672f65a2c6b48012a9e
rank-1result:48016 1 b91acd2660741a91ef13a6df3a2eff4d530c2791fddf712b592717901f7abc8df7052fa6af16fe2b15c598c3c0d3112ce2eb4b559503deb16ba368cb34b1af7c
rank-6result:32754 8 83eb02613d9292e87d95538f7316822b185139a8abb2ad2ec1760d74985dea0b502b7f22d4d4cc2efb572c2913badecf6cad5deb08a5428c5ac5bfcc1d7b6bca
rank-5result:48092 9 0c84d2e2bf754519df2b5a183f4978ac5b97160fc46cda7c10fa223fff8fd7f566ad9ca5e9a7ea5aa8b34c7aa0bc90d29e515ddfe5ec2efaed139114068bd1a9
rank-2result:60977 12 32d9f7ea06d0e2d174697575b7be48646a0c42bd4dc03ce59cbbf983bf96536a5d0e6c4119eb52a0bb2e52f56fb94c1a85b4813ad332e5862cd9e46db30ba9cd
rank-3result:48923 13 947ae59c509121e6122811bee81ca8da11908b0fef66894c534ace92daafc18c30a9a0d5b262ad5a4b2eff13c118f449b64cfb1aa41b21e351cba5bc1face88e
rank-7result:60756 10 68ab67ec6a72ad05d86653438fac61e8b7ae9b698604db77859072047e8ce9e093ea78797009ce7349028a18ab5fa8d9d9ef23a308e58dc4de3a7dcc01d8e74b
rank-4result:61018 11 dd17ff1b6378fa2105f49eb4b8fb5bc28e7e35da7d7e17da029102984814a9560440e66cb70f4a2b4dd66e5773a0d7874d70dba3943700e6b644caf48517e21b
rank-1result:33238 14 d70de7cd8123e267012e8ed7aa1b6c0357cd9eef47a660f87da60a81639aecbfc4037a8aa107b9f529dfb4e5b4e326e2416c64df0d58de78e0716568ed79d3f8
rank-6result:66240 15 bb0b255dd782d8d114f9956f2432e921a575f9086a6e31be44adc75070de5c154c152d58a8cf1ea07e0bdd72a174c3d7f8b3830b05cffac67005f1800bba8f44
rank-5result:50320 16 2a0c8f20da30288615fb051172a4acee0f1cf331e341ac8ad44dcf60d4a247d204c70da7df494db07e5b923595e1a28117bca55ab56ca5135d031c341abf0dd2
rank-2result:59270 17 4abf6e0efadffe526b1e47fbb393d188f8078dc706859786231c8e092a231f4bd151f745789551dd44f02eca4181fd33f8a6ad53b6e96e37b5b48e0af8eca91d
rank-3result:40544 18 5112e2d8fc4609cf71ad991c58967f6b213288597a8631f696a201e84bd49c1be2a13ebab1de9fd4fbaca184c738723ab8c0a0f49c7aefd35d7add5b0e5f5035
rank-7result:49432 19 171e07a346c414b3f0c983663af28294e0eb8e42932663e0d1494f676b13c2c00fefbd2513e4e289a016778d8f2225775afc5cc253a2601eac0b2f3074872091
rank-4result:35042 20 891cce454e341d7c7769593b191b48c59c51c2e3dbc6bab33791c794fff018a8befff3de54c491516a8f3b6699ea5c86ddc4369261ec34e166b46837d08382a2
rank-0result:31202 0 a7b274017e2f7f2fbbf7d2deed2172d85495e6e4ac34f5779106c34ea3224a5456889454d0baba45a6bc6684140816082fcd40a0db2f145b40c4d408e6eb821c
rank-6result:68543 22 b2f8691030a079aa82f901750b40b84398412204664649ee9065fda73790342e7b3bb609ce905b4f887c073e5111ab04397a52328ce7681d769985fc8b0b99bb
rank-1result:78083 21 d80d5e8c8a3ae9c928d1433d1abf16cd239133fc7b865840865a1fedee546acb18c66060c513e078448e093b0e7f9809ae383845e3b98597b7aa7a4390932cfe
rank-5result:50000 23 197970d825840affe8ed5d0e6ac2d370063bcf449fc05276841bb96f984b75c79cb64f09a76e84d313f466b71dc14797a9c5b05a0267c682438cb1a861297f05
rank-7result:20000 26 5458736d79c101fe032e27f793d500f40d840b0cec54cb9bff0c6c713ccccb80978c6e01137db301d3349d5bf605b0ef1d6f8ab4fcf1e8c5a951585c7324b394
rank-4result:44441 27 f0b81d045aa3daa6664edfdd42989c3d8637db108aefa5f2b34b3d5dd26165d32f9889cf5ec4ce0015f5bf076d0553e717305184b7637abaf0b9cad46c924831
rank-6result:70000 29 d830c469b7a258a306adaecce63a3ab7abe858b1e7e9d323c21bbab3bb35a245a4e8bd120a1a860c0d7c68e7ca04aa2ca235db29f5e49529bedfe2e2ad8a3cbf
rank-3result:48080 25 f3bd80d22db473a40c726be398297008ee02679d5437ca4722543b968dd7d06ee0f0221decf6d5d00bb912c6c6cffe7400bc7df367c5836a8e409bf2f975027a
rank-2result:49163 24 fce328492f7a839518c989fd4c8907a303032a34c35fbf3dfb4e3f54f021db328c5702ae78a8e7958adc7ea9877694b5c8ecb8dd4a60a594546c5fe87ace5bff
rank-6result:26560 34 81bb574cee5bebfe2a88c3aa7e67064401595691e1da1a97fba83854aea67a0626c8d5b1ed4857ae8fc071536fa2d2e7b318a9fe16a3f8ccac5eab9fc78a20d2
rank-5result:57881 31 c8ac34fa1d3e1e865bea654a0ea108e7e4acfd96a6f4eaeba651aea391c41c66a9dcad7bc75fe722e768b1f5af6997656568ccd135fe0609fed8a760871ceed6
rank-1result:67514 30 9dd34b7ad49dbb6a8a10983ed1d86c0338b293830c168d24fc72f46b9cd1b17ef6e76def1d754b7df7f7d5416709d2c1fec32684cd3b8f26753b7bbc3e2cbfa9
rank-3result:27675 35 6ad805404d702161f2f69369ea58f7b4184d371a9799d816a3618cf8c052b56d15cad3da42b767bc94f62814f84dfca64cad59f276dc130e0d57dc85638d27f4
rank-7result:40000 32 8b26aad6ccd6e6c70a7676d73715c666895af5004975f9f6f8c729bb539f0cf373272f3ea68e1527eea26adc48c56e7abe5f78f2447f826f0c2588e1431651b9
rank-4result:46264 33 d2e8393727c5d6f804ca8f96baa2fb4ce91baf5224694d73378851d3c3a18579976d8f2ccdcdd7b2ae3cab8e468918bf59652c062a04c22aace2873c63270315
rank-2result:95621 36 5356bb1d9acf67db526b8c6848a466b73f93ecd7456e44e9de389fd6fa1975a1d338e188bc9586e89016712474284459f46d18076b8da79c9ac424ff57054a17
rank-6result:87344 37 69d95ef358e5ef1ad64211aae32605783e265c532c200aca30188cd6916509c803388d4cfd35907fe80b975381c9541fbb815c980b3cc96b057cfdb6bb665e37
rank-3result:62871 40 0baf5756924ebe95cf3136874d80614e35eed6fde616f78e3977b7029bdf945f94b4499ec90d34294b6f34a893406642040c02b4ba0b814ef4d5958edc26fd1d
rank-2result:41672 43 b8f846c0f77ade12152b7c63ef90f663d4666c3a0106595b87715c703c6652e63f574e54577464ef06aa33d71ad208bcd1cf8c67ce24a7533cd2a76104a69e87
rank-5result:76149 38 a7ee1c95d170e6c45621e73be7550f36a37b213e499b5c20b4976bac49611962ca516ce756bc14274b7bf4a2079dc8ca50a308c7cc73ace1fd74ef785edb7ceb
rank-1result:60000 39 725a53567ef45fac70cd1caa5cac9627f8799a15d4b4f593ee0387fa426399ef9c4d2bb479c7a17367a0f5711ef47deb42330b3438cd5826e41989a032b1cf23
rank-6result:27581 44 b89a20cc02fff06e1a16fab788b3ec3066863bcad823669d2ae224b825daded010b98ce5bf1506340f542eac177bf082c871ff72456c35ef745d70ead5c20839
rank-4result:38797 42 0a7acc83506df199dc5c44979ec156a504542c023de1e8e1b45e05932bbad25d4915baf462d56abe3fbba050bd3f8dbf397a37c0cc6f36adb1b598cd73dc662c
rank-7result:53120 41 c4f8bbbc0fb68629669d563b029d0cb541ab18d0402ae880d5ffb75e35d57234901b6855a5ec9a79cb28d910b0e15488ed99358f74e1315ff9b56e5ce01e0000
rank-0result:86911 28 213191f3c51e5b91da85c2c1a7946f8a870d33ab9f5656b435824afdd3df4296b027552babaf964102e3aed6abc44cd64ca3aef398ee8f053bc7c5df3242bc4f
rank-6result:65682 49 b5d09ae53944f346628b4b13da5929ff4b2c26daf695d772a608acd6fc19e01ea9a41e9dcefd782eec0d460a71603416029129744e9c5f277d64fe5967d3676c
rank-2result:94673 46 e662e215f158bb3d6dbe594495d464d4a27741359e5ce9c8333335a301227c2569cd97a5c828c6a9e83b02ea154a040039907011819ab24d7e178cf40e84d162
rank-5result:80000 47 035953cf05c959da51ffe4c8be80860b5facd40d83be520b52ca93096c6e88dc92c536523d90c58be79f7d85f16873f32a3410909b7b2238b33d19c08ae15945
rank-3result:104197 45 16e19cd58b5164f6c7f49ca1637ac7c3098beb8fe59c34599fb4ba835de83d65557657e3a8ca0b337e3c7506cd405cd630ca393de6d5398eff323819158c2ced
rank-4result:56240 50 28e443e9012600a403cb56c4f898d1a069d67df048f1e8d672f6690a3b300dfd384acfe59dfbe4bb22e5d2dbb03b6cfb93654d1bf8e4c9a69875d4b6788d09b0
rank-7result:51869 51 762c1bdf7b042a5c68d43626a330833bc772a165719f3a582b80d011e2064b1bdb23f4bbb0af11ebebbb3e838fd866b850236a09f9ba26ff2b031d7f747b5545
rank-6result:40810 53 029c3b6cf4f14ad9987c0ec0d1cff6f7466bb8e62d9f9ea4b850f5df6a5a5d9a78cb285abe78a78b64dbe3fd61bce2d91eb388866fbace057169e9e55d65cf12
rank-1result:75191 48 7101d129802eafb76d9fef6a6be14d50399f4fa9aed09dcf9b5267e7b0234a990c20eb6e6c7c2e023c186fdcd3db57cff7e91ef25288998984ac3e2baacd55d1
rank-2result:29031 54 c7a3761e3820a5848b864e701f2cdfa61225f04e542c9ddb0eaedadb257eee060e6f62c8f26bc3697f9a4e0f3fdb027eeee1248769943b9ee3e4f643d9467465
rank-6result:74245 59 84f4dcfe00902a4db6f2e8de994049da080533010b93f2e2dd2d23ae8862969405ad9542c9dec3546f64f13b1c4239dd6da1c3d545010f749722ed8ab69f4d34
rank-3result:100000 56 74867bc96291070c648e45bf0b3d1700375435cb1271de7fe479d564fdd9024a7baf3ff1efe894fe94053d2c2590fd173beb97befb1a01bf04f32bcd95cdb37d
rank-2result:54941 61 e6f3ead40cdaf728ee9cdacc6c7bae4868cd50cf2905fce5a376282f68534bb5a127ba4e270a0f72cd096ab74eea5950ddc1f7ba181b8845cd5179f953b83911
rank-0result:42800 52 1d31e33e0a49c2497ee1775e5f35b4a04779fde03903418b044a62866b515fc89839620801fac2e152acd05cb1e588a4df123185f7282f6ff9139688b4993dd8
rank-5result:112962 55 d691f70a79f10702d2c5e91e74ad66d5d8223ccbd659b964ffdd4517fa458d4e5cb7c2745efc5b9f629ed617f7b0f4da3d7bc765cfaaf95b31fe508b1b9fad0d
rank-7result:83981 58 a69f13eb25498c96b6b1d614821bde17a8823648a2e06dc61351a882d94f0153f783e94c288546951c1f85aac854103f5d1b5b6c29c39f13a83ae699eb7c49d2
rank-4result:90000 57 a9a1a4e3b25da26dcc685dc73ccc883d43ac35e694b48a08e05120535d9655a98f400ad4e0089b4e6cae36aad2d7afc4848e6f760e89c0491b28a60e2bad8ffd
rank-1result:64669 60 0ade87b25c255acc100f8b0f12162ba8bcbb495724cf239e9a019fa47b8cc8b07e0f386b97cff5b26f53c5508b308c79a118853dd0d89ca063e1a985482004f5
rank-6result:45332 62 32e7da4c2c349d9108b5a8c7fafa695553f8d9ec3de6dfaab097f1fa29554012f4eb7b263e6b784cfc6c9d3f42ca2c2806bb954ef0c06306d9f82a7f695e7717
rank-2result:33228 64 27a301cb85470f396f311859702c65685a9dec1d83eb5aeab0522ae58d0e1c9d56974d1b202200d5869f5ebdf5c7e945b53b0bd461700769b8b1abb33e349602
rank-3result:35586 63 bcace4915cbb389539f29720d2bfb18bbcad1243330dc7a5770496da2a27ca128c350474f818cc29bcbc2784f0693ecf0bbb7f3f1a3e35453bfc696926e95277
rank-5result:120000 66 55995a552340ec4917d5ce2b0df3ed18f5ba207d7a400be18bb04a9c37cdd331fce6709fa62a29990bb0225da4df643e15355542e31e2c8e98829c1365181437
rank-6result:80000 70 8ca5118b9b85c3f6ef2a228a3013f2cd05f1a633ec3753aeab28886b259a926d42df187b7e72531f31bd7f2673961727395115198c6a3062d5a7cc01bcc35970
rank-7result:110000 67 28ba087f6ff1be10ce341866e17910daadebe40b043dbf837397065be8f9ebd77e14aab18da51a5476f8e598ba03a587b7915e66caaa89ee15561de1241a501d
rank-2result:75951 71 a5acef406bf4cbd045e12a8f94301b8d985222cbb58415e99dde91022ec0643789d45d86b0996ba11657b44b87557246a5eed9afeeefff496a4e50b6a4f8c9cd
rank-4result:102209 68 bae96ddba8205aa9b481f5f7ad843123f4848b553064fa9b6b82f1bc716db3b6c6da24e7e9e0246cab116b72222ae5a3a393a0527f7114e233bbfd67b80a9848
rank-1result:92694 69 d6637f1315b1bc00d176571fc8c47a1362234dfc446d018ea6c410053484d0a8ef47336470ad6e9051f805f800db11ee6760528887babf027e488a56c555938b
rank-3result:60000 72 aa189e903001dedb86f715d96017514e0f63acff8497a66d6ee870fa796f88379ccec723e419907e2e6ad4a6581b784f2761df4c18559e6c095a078535ff1e2a
rank-0result:33143 65 582cd99e8368a882db46e088affec4f4fab9c200e55d376650e3eed730e8b62d85e7084e3c1e6469771b8bc5f4cc2a8cdbcd0fc39ff30c87b00b8a1ca6db7f97
all job done
pargma single end
rank-6result:40000 74 058f02c5c88badf6f5061369c1bed5ffc17083274959bc990d90556083044c39117d7d4ff6783c93906435270ee3afc51f5a24c0262175cadbf4ba07e28c7ad7
rank-2result:30859 76 46f4dbda302e7df616d844ea73f14210960b23d0e401d90c71275d539bd8d423a36e610fc064da2ef511f178f37e1610d24971b21dd8ebfa26a4cd4066727e8f
rank-7result:38890 75 f9463c7fb797aab58db14aeab6e49803308368eec121629241590955a72ec3afb0870e349b605c696350606efd302274a4848d1e97f2ef3e6856e2f52faeb497
rank-5result:57329 73 149a02a4f6061d7ab4a4b533f2c7f45583a67f0c3784d1c61c6548e01afa3131b1a06f00d5fb3220b40e3e48d1e1522d4039a047e80429166e65448a2343f45c
rank-4result:15323 77 cdb116c1e3e56bd9db5d3ffef996757fedd7c7c140ac9419e92f9bb5964e7d7025521c115274f94f9e16dcab2990aeecfaf476c1eb044b105efd5556c4006958
while end
hash end
pargma single end
Time: 44571328 us
c0befee8737ac74a1ece5abae5cca722c2eaf2bf028aaca8f3f6607204b7e68ea0707a881d5512a723439ab67007e5301a9c126272a3ff2ad96923b0dcf27dab
31202 48016 25007 56880 53193 37279 52116 30000 32754 48092 60756 61018 60977 48923 33238 66240 50320 59270 40544 49432 35042 78083 68543 50000 49163 48080 20000 44441 86911 70000 67514 57881 40000 46264 26560 27675 95621 87344 76149 60000 62871 53120 38797 41672 27581 104197 94673 80000 75191 65682 56240 51869 42800 40810 29031 112962 100000 90000 83981 74245 64669 54941 45332 35586 33228 33143 120000 110000 102209 92694 80000 75951 60000 57329 40000 38890 30859 15323 
