I am 1 from group 1
I am 0 from group 0
rank-1result:18413 1 31f03f08b0865f8f2c52e93b2ab4f16a98d2129ff75925c62a8afd367105e4dde4e5b8649ec7708174ed68dcaa6068a46603a62c35b25be4bd9ded782d5d2e2c
rank-0result:14956 0 ed2b166c62ee694b33889c377fad6cb19f494fe6176dc5dd624805248093305a26b74108074e3ab1dc8723563f4e09fa86256d6c1055fe5e2633575c122b3ae7
rank-3result:22543 3 5097aac070224846181b37a541edb60196b3429b7114ff157f642a829fa551c0ada4dcfbe6fb8ba31550829760be8da876d668ec8ece58b25c95fb2dc906b895
rank-2result:18508 2 223a78dbcce5efe54fba7b6f7beb67e625a4784552714d42f1946f8f297bf2f35bfb0c4a67d57af78573ae748d97e59dbb3156c3e8eb0eba3a800e2e3bc0d01b
rank-3result:25540 6 e19d5a80e35a31a13be0bad6ad07ee8e5121f34b444445c84d49220f4316517d8437748f8689cd57ecfe2738a9cd8c176fe61c4c20a6cd6aea75d033dfe50a72
rank-1result:21661 4 711ac6b86d7be024a9ceb2a55c2a07274a7855b8f232e4fed822b50ec2efdc6dca74f75d5779e817d228536b471466c908746ffd8305c0af18060d1eb209226f
rank-2result:24145 7 331aa9568e8dcd02b8708081bcf8a1b23435d0551b9958a7900e1a4bf5eceadc5377c574bdab9d0b144cd678934c4c20977e8667933239c36c6341e2c480c57c
rank-0result:22145 5 2fe594d55f3d75974fd62e8fb86fed95557ee8c3de23e204e144be6b189839c319759e9ff1b2b81178f1c676a37420a49fec2ff7a0410a7931935b9281f8e0c5
rank-2result:30465 10 8c1e7f9f119c6da0e7dbb92b28cb46f0a0a4b76069bea36be394a5bfbd910583c21fcdab192563a06b138d6652c3ecb326438cd6f95b2ce1e23c1ae933f70f47
rank-3result:24009 8 4fe53ead07c5a6bbe4c09e945db6d31a66e80af2e3d41485bdeeac85f3c6a9ae645dc62bd9a26921f42499e19dfd2080c2c8bb2695bfd622936e840f91e5b33a
rank-1result:24976 9 49ff909993f61e1ded929d8ef037755668a397448c153f579d4ed6bc411e680fc268b7fedb28a0cf35ded43bbe614d7660859f8f8f59c3b4a6af1f94c68bda9e
rank-0result:28335 11 dd31e03b559e958d140702687a7574975693ad67996a912c93287e19ab8396e068d4a84a429e10b1ded88dfd2a1d80f8a2cc44bd13eeef974691456a8a881e4c
rank-2result:27547 12 97f5199ae520ca5c21b1f76e7c20d99716b27f42baf07a0d8103ebedff0a9249ec05f6f1f1b869fa1a4e2b668b1736a140f3055e60f203dc18c9b396e5cd5c87
rank-3result:27677 13 1ab3dfbf8f9e8d9e6800065141a20a43f5c193724047a57b60c98ec5ebb412b229ee61aebab904a0cd05be088c82c2392bf261b67c139964534060605dc53a2f
rank-0result:35475 15 6f32f180bd4264c9fc6f0cdb8b6e4405ca7b3ef64586d9d34ce173d19dcd2b9b495b790d212f7121e869af6e8a4117b7f3395bf324faefcc639c1e55cb20913c
rank-1result:28281 14 c7690bc035772560409d5fe1b6ab52a97a315c3f6ca8c8d8488e0d21f5e533434d0fe755f8fc6170c6909c9d174a3435cc56671f0d6553a5e37a2e3068babf22
rank-2result:32794 16 6e23bfdd24ea9a9bf60c8551150c963d492f67fdb5c8b2e3f388d06a6458f6bc694ba450d66b5e7376e557e9e4780f20ba1d6e2fa9b6eca9411facc51fb02760
rank-3result:31332 17 a896724e68ea1714a019b9e862b7f7c5297bc1e20a05405fd4f8d81bedce4d3ad7f7f3aea210d9858506b3be828375cbb6e91fb9d79a8d6aedf867bb7df9dcaf
rank-0result:30810 18 69b0e19e63c6252d938ddc07b2e97058e83d6de1e72ce3fde1f67513d7e07a9c79d107e5195c14126e27f595b96eb4ae3aaf06e0bfe00e6c1310fa694cc285f5
rank-3result:40857 21 3fb5228aa39bb5839b23c32912800f0157bb28c4a72e5dbc74673154389292203a03f821c151a83a77a4ea9ff1db43bf9f5da75d8a3846c2b4fd309dac68e806
rank-1result:31000 19 6c70fb3401e58cec5b1b0c63693dec9f9c79866f00d40df3cf5546cf7651bc2a121c4de3a04e1d13e9cbccdbe9133d2a43adcdc0d61b7b6514c3e87c22d91c60
rank-2result:31996 20 aea69a7c5066060d721f632d0088b91219b7b3c367d8b53e9488d465bf1d4d5a49662c17a47425cdef949b2f106a1c7f11e3b983a4f4c4b01299e03d0db42c6a
rank-0result:37545 22 6fdd3082fd5ea7f8173db3126f58eac8b372d051c404b9d4120cb0c1a324238d95a6cbac895bc847b2aee58d2009f49633f702d8ae5a483e4bc804bbc89a486b
rank-3result:35481 23 c971ebef837a3e90f2c8454b00ee4de2698b513227930eedfb5ff82071df894118322a36b7800c38398da313078c83969f6354fdd05aad328f164d66248f571a
rank-1result:34406 24 11e226dbc945eb6daa7523763cbc7f009d892249d57020c2ef85366f5c0bd3596b89f2266bd0113676d0b0bf079479143ef2c3d1553df441b99fce403c1dc8f2
rank-2result:34263 25 d66482e7571c1eddcba19083d55f62b274283734c6193d0538f9e173cdbdac3173575d0d034543b0b0274ffd1eba100b345fcd6ee8a8ca2e541db17d5608cfd4
rank-3result:35640 27 9edba41e752aca67e34a763947aa58ca9da7efd797071476dd29f112221242a6a7dcfd65757442acf5df61294363138489918ef6fed7cb08fb5ed617199341ef
rank-0result:34748 26 0ac1a5d606d01b57537442423706927eefa3f4c0aed431dea0a6e619507983fc195b4326cd7cce74384720ce63ed8efb20dfacb2aed445f2bffc1f50eb1da410
while end
all job done
pargma single end
hash end
pargma single end
Time: 16312940 us
08985098543c2051396cd823b9e24b656ae63051db14dea0a59b148f1397e45a76c2a5db39d4485d9e0ae73f42377e892eea528aafdedb0dc69e802a05bff9c1
14956 18413 18508 22543 21661 22145 25540 24145 24009 24976 30465 28335 27547 27677 28281 35475 32794 31332 30810 31000 31996 40857 37545 35481 34406 34263 34748 35640 
